  UserInput.cpp
C:\Users\kevmp\OneDrive\Desktop\GitHub\Chess-AI\Project\Project\UserInput.cpp(18,54): warning C4244: 'argument': conversion from 'T' to 'T', possible loss of data
          with
          [
              T=int
          ]
          and
          [
              T=float
          ]
C:\Users\kevmp\OneDrive\Desktop\GitHub\Chess-AI\Project\Project\UserInput.cpp(18,37): warning C4244: 'argument': conversion from 'T' to 'T', possible loss of data
          with
          [
              T=int
          ]
          and
          [
              T=float
          ]
  Project.vcxproj -> C:\Users\kevmp\OneDrive\Desktop\GitHub\Chess-AI\Project\x64\Debug\Project.exe
